<?xml version="1.0" encoding="UTF-8"?>
<testng-results skipped="0" failed="0" ignored="0" total="1" passed="1">
  <reporter-output>
  </reporter-output>
  <suite name="Default suite" duration-ms="17517" started-at="2019-08-27T04:54:41Z" finished-at="2019-08-27T04:54:59Z">
    <groups>
    </groups>
    <test name="Default test" duration-ms="17517" started-at="2019-08-27T04:54:41Z" finished-at="2019-08-27T04:54:59Z">
      <class name="com.training.sanity.tests.LoginTests">
        <test-method status="PASS" signature="setUpBeforeClass()[pri:0, instance:com.training.sanity.tests.LoginTests@68c4039c]" name="setUpBeforeClass" is-config="true" duration-ms="25" started-at="2019-08-27T04:54:41Z" finished-at="2019-08-27T04:54:41Z">
          <reporter-output>
          </reporter-output>
        </test-method> <!-- setUpBeforeClass -->
        <test-method status="PASS" signature="setUp()[pri:0, instance:com.training.sanity.tests.LoginTests@68c4039c]" name="setUp" is-config="true" duration-ms="13248" started-at="2019-08-27T04:54:41Z" finished-at="2019-08-27T04:54:54Z">
          <reporter-output>
          </reporter-output>
        </test-method> <!-- setUp -->
        <test-method status="PASS" signature="Testcase1()[pri:0, instance:com.training.sanity.tests.LoginTests@68c4039c]" name="Testcase1" duration-ms="2424" started-at="2019-08-27T04:54:54Z" finished-at="2019-08-27T04:54:57Z">
          <reporter-output>
          </reporter-output>
        </test-method> <!-- Testcase1 -->
        <test-method status="PASS" signature="tearDown()[pri:0, instance:com.training.sanity.tests.LoginTests@68c4039c]" name="tearDown" is-config="true" duration-ms="1791" started-at="2019-08-27T04:54:57Z" finished-at="2019-08-27T04:54:59Z">
          <reporter-output>
          </reporter-output>
        </test-method> <!-- tearDown -->
      </class> <!-- com.training.sanity.tests.LoginTests -->
    </test> <!-- Default test -->
  </suite> <!-- Default suite -->
</testng-results>
